http://www.breitbart.com/
http://www.breitbart.com/big-government/
http://www.breitbart.com/big-journalism/
http://www.breitbart.com/big-hollywood/
http://www.breitbart.com/national-security/
http://www.breitbart.com/tech/
http://www.breitbart.com/video/
http://www.breitbart.com/sports/
http://www.breitbart.com/news/
http://www.breitbart.com/london/
http://www.breitbart.com/jerusalem/
http://www.breitbart.com/texas/
http://www.breitbart.com/california/
http://www.breitbart.com/video/2017/02/17/watch-full-milo-yiannopoulos-interview-bill-maher-real-time/
http://www.breitbart.com/video/2017/02/17/watch-full-milo-yiannopoulos-interview-bill-maher-real-time/
http://www.breitbart.com/author/breitbart-tv/
http://www.breitbart.com/video/2017/02/17/watch-full-milo-yiannopoulos-interview-bill-maher-real-time/
http://www.breitbart.com/milo/2017/02/17/larry-wilmore-melts-bill-maher-tells-milo-go-fuck/
http://www.breitbart.com/author/benkew/
http://www.breitbart.com/milo/2017/02/17/larry-wilmore-melts-bill-maher-tells-milo-go-fuck/
http://www.breitbart.com/video/2017/02/17/maher-the-crime-is-treason-flynns-resignation-most-serious-political-scandal-in-us-history/
http://www.breitbart.com/author/ian-hanchett/
http://www.breitbart.com/video/2017/02/17/maher-the-crime-is-treason-flynns-resignation-most-serious-political-scandal-in-us-history/
http://www.breitbart.com/national-security/2017/02/17/fbi-no-charges-former-national-security-adviser-michael-flynn/
http://www.breitbart.com/author/john-hayward/
http://www.breitbart.com/national-security/2017/02/17/fbi-no-charges-former-national-security-adviser-michael-flynn/
http://www.breitbart.com/big-government/2017/02/17/day-without-illegal-immigrants/
http://www.breitbart.com/author/nmunro/
http://www.breitbart.com/big-government/2017/02/17/day-without-illegal-immigrants/
http://www.breitbart.com/national-security/2017/02/17/pope-francis-muslim-terrorism-not-exist/
http://www.breitbart.com/author/thomas-d-williams/
http://www.breitbart.com/national-security/2017/02/17/pope-francis-muslim-terrorism-not-exist/
http://www.breitbart.com/big-journalism/2017/02/17/john-podesta-trump-criticizing-fake-news-is-dangerous/
http://www.breitbart.com/author/jerome-hudson/
http://www.breitbart.com/big-journalism/2017/02/17/john-podesta-trump-criticizing-fake-news-is-dangerous/
http://www.breitbart.com/big-journalism/2017/02/17/11-times-barack-obama-abused-press-freedom/
http://www.breitbart.com/big-journalism/2017/02/17/11-times-barack-obama-abused-press-freedom/
http://www.breitbart.com/national-security/2017/02/17/denver-man-arrested-pipe-bombs-found-hotel-safe/
http://www.breitbart.com/national-security/2017/02/17/denver-man-arrested-pipe-bombs-found-hotel-safe/
http://www.breitbart.com/tech/2017/02/17/wisconsin-bill-would-require-uw-universities-to-protect-free-speech/
http://www.breitbart.com/tech/2017/02/17/wisconsin-bill-would-require-uw-universities-to-protect-free-speech/
http://www.breitbart.com/big-journalism/2017/02/17/breitbart-new-howdy-robe…ired-enter-title-here-everything-the-associated-press-got-wrong-in-its-fa/
http://www.breitbart.com/big-journalism/2017/02/17/breitbart-new-howdy-robe…le-here-everything-the-associated-press-got-wrong-in-its-fa/
http://www.breitbart.com/big-government/2017/02/17/nyt-trump-reaches-union-voters/
http://www.breitbart.com/big-government/2017/02/17/nyt-trump-reaches-union-voters/
http://www.breitbart.com/texas/2017/02/17/second-migrant-overflow-station-closed-trumps-first-month/
http://www.breitbart.com/texas/2017/02/17/second-migrant-overflow-station-closed-trumps-first-month/
http://www.breitbart.com/texas/2017/02/17/ny-times-trumps-deportation-efforts-not-unusual/
http://www.breitbart.com/texas/2017/02/17/ny-times-trumps-deportation-efforts-not-unusual/
http://www.breitbart.com/video/2017/02/17/trump-pushes-america-first-at-boeing-visit/
http://www.breitbart.com/video/2017/02/17/trump-pushes-america-first-at-boeing-visit/
http://www.breitbart.com/news/biologists-find-weird-cave-life-that-may-be-50000-years-old/
http://www.breitbart.com/news/biologists-find-weird-cave-life-that-may-be-50000-years-old/
http://www.breitbart.com/tech/2017/02/17/ucsd-students-protest-dalai-lama-speech-claim-violates-schools-values-of-respect-tolerance-equality/
http://www.breitbart.com/tech/2017/02/17/ucsd-students-protest-dalai-lama-s…claim-violates-schools-values-of-respect-tolerance-equality/
http://www.breitbart.com/big-government/2017/02/17/house-republicans-unveil-bullet-points-obamacare-repeal/
http://www.breitbart.com/big-government/2017/02/17/house-republicans-unveil-bullet-points-obamacare-repeal/
http://www.breitbart.com/big-government/2017/02/17/homeschoolers-revolt-republican-school-choice-bill/
http://www.breitbart.com/big-government/2017/02/17/homeschoolers-revolt-republican-school-choice-bill/
http://www.breitbart.com/big-government/2017/02/17/senate-confirms-scott-pruitt-to-lead-trumps-epa-despite-dems-delay-tactics/
http://www.breitbart.com/big-government/2017/02/17/senate-confirms-scott-pruitt-to-lead-trumps-epa-despite-dems-delay-tactics/
http://www.breitbart.com/big-government/2017/02/17/ivanka-trump-brand-soars-1-amazon-best-sellers-list/
http://www.breitbart.com/big-government/2017/02/17/ivanka-trump-brand-soars-1-amazon-best-sellers-list/
http://www.breitbart.com/milo/2017/02/17/milo-maher-now-breitbart-publishing-gay-editorials/
http://www.breitbart.com/milo/2017/02/17/milo-maher-now-breitbart-publishing-gay-editorials/
http://www.breitbart.com/milo/2017/02/17/milo-maher-now-breitbart-publishing-gay-editorials/
http://www.breitbart.com/milo/2017/02/17/milo-bill-maher-democrats-lena-dunham-hideous/
http://www.breitbart.com/milo/2017/02/17/milo-bill-maher-democrats-lena-dunham-hideous/
http://www.breitbart.com/author/benkew/
http://www.breitbart.com/milo/2017/02/17/milo-bill-maher-democrats-lena-dunham-hideous/
http://www.breitbart.com/milo/2017/02/17/milo-bill-maher-left-gone-insane/
http://www.breitbart.com/milo/2017/02/17/milo-bill-maher-left-gone-insane/
http://www.breitbart.com/milo/2017/02/17/milo-bill-maher-left-gone-insane/
http://www.breitbart.com/video/2017/02/17/watch-you-need-higher-iq-guests-go-fck-yourself-milo-spars-with-real-time-panel/
http://www.breitbart.com/video/2017/02/17/watch-you-need-higher-iq-guests-go-fck-yourself-milo-spars-with-real-time-panel/
http://www.breitbart.com/video/2017/02/17/watch-you-need-higher-iq-guests-go-fck-yourself-milo-spars-with-real-time-panel/
http://www.breitbart.com/milo/2017/02/17/milo-bill-maher-youre-good-liberal/
http://www.breitbart.com/milo/2017/02/17/milo-bill-maher-youre-good-liberal/
http://www.breitbart.com/milo/2017/02/17/milo-bill-maher-youre-good-liberal/
http://www.breitbart.com/video/2017/02/17/maher-to-lefties-angry-about-milo…taking-the-bait-youre-freaked-out-over-a-little-impish-fg-you-schoolgirls/
http://www.breitbart.com/author/ian-hanchett/
http://www.breitbart.com/video/2017/02/17/maher-to-lefties-angry-about-milo…t-youre-freaked-out-over-a-little-impish-fg-you-schoolgirls/
http://www.breitbart.com/tech/2017/02/17/image-of-putin-snuggling-a-pregnant-donald-trump-projected-on-new-york-apple-store/
http://www.breitbart.com/tech/2017/02/17/image-of-putin-snuggling-a-pregnant-donald-trump-projected-on-new-york-apple-store/
http://www.breitbart.com/tech/2017/02/17/image-of-putin-snuggling-a-pregnant-donald-trump-projected-on-new-york-apple-store/
http://www.breitbart.com/big-government/2017/02/17/univ-wisc-students-demand-free-tuition-black-students-convicts/
http://www.breitbart.com/big-government/2017/02/17/univ-wisc-students-demand-free-tuition-black-students-convicts/
http://www.breitbart.com/big-government/2017/02/17/univ-wisc-students-demand-free-tuition-black-students-convicts/
http://www.breitbart.com/big-hollywood/2017/02/17/clinton-dines-snl-impersonator-kate-mckinnon/
http://www.breitbart.com/big-hollywood/2017/02/17/clinton-dines-snl-impersonator-kate-mckinnon/
http://www.breitbart.com/big-hollywood/2017/02/17/clinton-dines-snl-impersonator-kate-mckinnon/
http://www.breitbart.com/california/2017/02/17/one-california-democrat-admits-hes-tired-trashing-trump/
http://www.breitbart.com/california/2017/02/17/one-california-democrat-admits-hes-tired-trashing-trump/
http://www.breitbart.com/big-hollywood/2017/02/17/exclusive-video-jackie-mason-gotta-nuts-believe-gun-control-saves-lives/
http://www.breitbart.com/big-hollywood/2017/02/17/exclusive-video-jackie-mason-gotta-nuts-believe-gun-control-saves-lives/
http://www.breitbart.com/big-journalism/2017/02/17/virgil-minutes-deep-state-executive-committee-permanent-campaign-trump-part-2/
http://www.breitbart.com/big-journalism/2017/02/17/virgil-minutes-deep-state-executive-committee-permanent-campaign-trump-part-2/
http://www.breitbart.com/big-journalism/2017/02/17/virgil-minutes-deep-state-executive-committee-permanent-campaign-trump-part-2/
http://www.breitbart.com/milo/2017/02/17/good-wife-spinoff-feature-character-inspired-milo/
http://www.breitbart.com/milo/2017/02/17/good-wife-spinoff-feature-character-inspired-milo/
http://www.breitbart.com/milo/2017/02/17/good-wife-spinoff-feature-character-inspired-milo/
http://www.breitbart.com/tech/2017/02/17/buzzfeed-news-introduces-outside-bubble-feature-provide-alternate-viewpoints-news/
http://www.breitbart.com/tech/2017/02/17/buzzfeed-news-introduces-outside-bubble-feature-provide-alternate-viewpoints-news/
http://www.breitbart.com/sports/2017/02/17/patriots-coach-bill-belichick-will-narrate-new-documentary-d-day-normandy/
http://www.breitbart.com/sports/2017/02/17/patriots-coach-bill-belichick-will-narrate-new-documentary-d-day-normandy/
http://www.breitbart.com/big-government/2017/02/17/texas-couple-reveals-pregnancy-photo-featuring-452-vitro-fertilization-needles/
http://www.breitbart.com/big-government/2017/02/17/texas-couple-reveals-pregnancy-photo-featuring-452-vitro-fertilization-needles/
http://www.breitbart.com/big-government/2017/02/17/texas-couple-reveals-pregnancy-photo-featuring-452-vitro-fertilization-needles/
http://www.breitbart.com/texas/2017/02/17/white-house-denies-fake-news-allegation-national-guard-immigration-force/
http://www.breitbart.com/texas/2017/02/17/white-house-denies-fake-news-allegation-national-guard-immigration-force/
http://www.breitbart.com/texas/2017/02/17/white-house-denies-fake-news-allegation-national-guard-immigration-force/
http://www.breitbart.com/video/2017/02/17/cbs-dickerson-lack-of-trust-in-the-media-is-not-because-of-trump-press-ruined-its-reputation-on-its-own/
http://www.breitbart.com/video/2017/02/17/cbs-dickerson-lack-of-trust-in-th…not-because-of-trump-press-ruined-its-reputation-on-its-own/
http://www.breitbart.com/video/2017/02/17/trevor-noah-need-start-treating-racism-like-desease/
http://www.breitbart.com/video/2017/02/17/trevor-noah-need-start-treating-racism-like-desease/
http://www.breitbart.com/big-hollywood/2017/02/17/fashion-designers-models-protest-trump-immigrant-video/
http://www.breitbart.com/big-hollywood/2017/02/17/fashion-designers-models-protest-trump-immigrant-video/
http://www.breitbart.com/big-hollywood/2017/02/17/fashion-designers-models-protest-trump-immigrant-video/
http://www.breitbart.com/radio/2017/02/17/joy-villa-overwhelming-response-maga-grammys-dress-album-could-hit-no-2-billboard-chart/
http://www.breitbart.com/author/dan-riehl/
http://www.breitbart.com/radio/2017/02/17/joy-villa-overwhelming-response-maga-grammys-dress-album-could-hit-no-2-billboard-chart/
http://www.breitbart.com/big-hollywood/2017/02/17/spike-lee-unveils-anti-trump-nikes/
http://www.breitbart.com/big-hollywood/2017/02/17/spike-lee-unveils-anti-trump-nikes/
http://www.breitbart.com/big-hollywood/2017/02/17/spike-lee-unveils-anti-trump-nikes/
http://www.breitbart.com/texas/2017/02/17/video-mexican-marines-use-minigun-cartel-near-texas-border/
http://www.breitbart.com/texas/2017/02/17/video-mexican-marines-use-minigun-cartel-near-texas-border/
http://www.breitbart.com/texas/2017/02/17/video-mexican-marines-use-minigun-cartel-near-texas-border/
http://www.breitbart.com/texas/2017/02/17/mexican-cops-arrest-gunman-tied-beer-delivery-murders/
http://www.breitbart.com/texas/2017/02/17/mexican-cops-arrest-gunman-tied-beer-delivery-murders/
http://www.breitbart.com/author/cartel-chroniclesa-com/
http://www.breitbart.com/texas/2017/02/17/mexican-cops-arrest-gunman-tied-beer-delivery-murders/
http://www.breitbart.com/texas/2017/02/17/adams-time-citizens-vote-texas/
http://www.breitbart.com/author/jchristian-adams/
http://www.breitbart.com/texas/2017/02/17/adams-time-citizens-vote-texas/
http://www.breitbart.com/texas/2017/02/16/fbi-irs-raid-texas-democrat-state-senators-law-office/
http://www.breitbart.com/texas/2017/02/16/fbi-irs-raid-texas-democrat-state-senators-law-office/
http://www.breitbart.com/tech/2017/02/17/taser-developing-ai-powered-police-body-cameras/
http://www.breitbart.com/tech/2017/02/17/taser-developing-ai-powered-police-body-cameras/
http://www.breitbart.com/tech/2017/02/17/taser-developing-ai-powered-police-body-cameras/
http://www.breitbart.com/tech/2017/02/17/elon-musk-warns-deep-dangerous-already-cyborg-human-race/
http://www.breitbart.com/tech/2017/02/17/elon-musk-warns-deep-dangerous-already-cyborg-human-race/
http://www.breitbart.com/tech/2017/02/17/elon-musk-warns-deep-dangerous-already-cyborg-human-race/
http://www.breitbart.com/tech/2017/02/17/facebook-ceo-mark-zuckerberg-warns-turning-away-globalization/
http://www.breitbart.com/tech/2017/02/17/facebook-ceo-mark-zuckerberg-warns-turning-away-globalization/
http://www.breitbart.com/tech/2017/02/17/facebook-ceo-mark-zuckerberg-warns-turning-away-globalization/
http://www.breitbart.com/milo/2017/02/17/u-chicago-milo-scares-students-faculty-even/
http://www.breitbart.com/milo/2017/02/17/u-chicago-milo-scares-students-faculty-even/
http://www.breitbart.com/milo/2017/02/17/u-chicago-milo-scares-students-faculty-even/
http://www.breitbart.com/tech/2017/02/17/ciccotta/
http://www.breitbart.com/tech/2017/02/17/ciccotta/
http://www.breitbart.com/tech/2017/02/17/ciccotta/
http://www.breitbart.com/texas/2017/02/17/texas-college-declines-sanctuary-campus-right-now/
http://www.breitbart.com/texas/2017/02/17/texas-college-declines-sanctuary-campus-right-now/
http://www.breitbart.com/author/mhope/
http://www.breitbart.com/texas/2017/02/17/texas-college-declines-sanctuary-campus-right-now/
http://www.breitbart.com/big-government/2017/02/17/mike-lee-conservatives-must-join-trump-champions-forgotten-man/
http://www.breitbart.com/big-government/2017/02/17/mike-lee-conservatives-must-join-trump-champions-forgotten-man/
http://www.breitbart.com/big-government/2017/02/17/mike-lee-conservatives-must-join-trump-champions-forgotten-man/
http://www.breitbart.com/sports/2017/02/17/atlanta-brewery-reluctantly-produces-patriot-pale-ale-losing-super-bowl-wager-bostons-samuel-adams/
http://www.breitbart.com/sports/2017/02/17/atlanta-brewery-reluctantly-produces-patriot-pale-ale-losing-super-bowl-wager-bostons-samuel-adams/
http://www.breitbart.com/sports/2017/02/17/atlanta-brewery-reluctantly-prod…triot-pale-ale-losing-super-bowl-wager-bostons-samuel-adams/
http://www.breitbart.com/texas/2017/02/17/feds-seize-horse-genitals-mongolian-travelers/
http://www.breitbart.com/texas/2017/02/17/feds-seize-horse-genitals-mongolian-travelers/
http://www.breitbart.com/texas/2017/02/17/feds-seize-horse-genitals-mongolian-travelers/
http://www.breitbart.com/big-government/2017/02/16/court-rules-snuggie-blanket-not-robe/
http://www.breitbart.com/big-government/2017/02/16/court-rules-snuggie-blanket-not-robe/
http://www.breitbart.com/big-government/2017/02/16/court-rules-snuggie-blanket-not-robe/
http://www.breitbart.com/texas/2017/02/17/fake-news-media-lying-public-ice-arrests/
http://www.breitbart.com/texas/2017/02/17/fake-news-media-lying-public-ice-arrests/
http://www.breitbart.com/author/bob-price/
http://www.breitbart.com/texas/2017/02/17/fake-news-media-lying-public-ice-arrests/
http://www.breitbart.com/video/2017/02/16/reporter-who-asked-trump-anti-semitism-question-im-with-trump-being-outraged-over-anti-semitism-charges/
http://www.breitbart.com/video/2017/02/16/reporter-who-asked-trump-anti-semitism-question-im-with-trump-being-outraged-over-anti-semitism-charges/
http://www.breitbart.com/video/2017/02/16/reporter-who-asked-trump-anti-sem…ion-im-with-trump-being-outraged-over-anti-semitism-charges/
http://www.breitbart.com/big-journalism/2017/02/17/fake-news-hurts-media-hype-fears-antisemitism/
http://www.breitbart.com/big-journalism/2017/02/17/fake-news-hurts-media-hype-fears-antisemitism/
http://www.breitbart.com/big-journalism/2017/02/17/fake-news-hurts-media-hype-fears-antisemitism/
http://www.breitbart.com/london/2017/02/17/merkel-claims-strength-us-grew-nato/
http://www.breitbart.com/london/2017/02/17/merkel-claims-strength-us-grew-nato/
http://www.breitbart.com/london/2017/02/17/merkel-claims-strength-us-grew-nato/
http://www.breitbart.com/london/2017/02/17/poll-merkel-eclipsed-arch-federalist-schulz-race-chancellor/
http://www.breitbart.com/london/2017/02/17/poll-merkel-eclipsed-arch-federalist-schulz-race-chancellor/
http://www.breitbart.com/london/2017/02/17/brexit-u-turn-average-growth-forecast-tripled-since-referendum/
http://www.breitbart.com/london/2017/02/17/brexit-u-turn-average-growth-forecast-tripled-since-referendum/
http://www.breitbart.com/london/2017/02/17/brexit-u-turn-average-growth-forecast-tripled-since-referendum/
http://www.breitbart.com/london/2017/02/17/damage-control-eu-admits-overreach-populist-victories-loom-2017/
http://www.breitbart.com/london/2017/02/17/damage-control-eu-admits-overreach-populist-victories-loom-2017/
http://www.breitbart.com/london/2017/02/17/hungary-ngos-declare-foreign-funding-including-soros-money/
http://www.breitbart.com/london/2017/02/17/hungary-ngos-declare-foreign-funding-including-soros-money/
http://www.breitbart.com/london/2017/02/17/hungary-ngos-declare-foreign-funding-including-soros-money/
http://www.breitbart.com/big-government/2017/02/17/ten-arrested-four-illegal-aliens-savage-gang-related-killing-maryland-teen/
http://www.breitbart.com/big-government/2017/02/17/ten-arrested-four-illegal-aliens-savage-gang-related-killing-maryland-teen/
http://www.breitbart.com/big-government/2017/02/17/ten-arrested-four-illegal-aliens-savage-gang-related-killing-maryland-teen/
http://www.breitbart.com/video/2017/02/16/brian-williams-trump-attacking-me…-because-when-you-reduce-its-prestige-it-diminishes-the-facts-they-report/
http://www.breitbart.com/video/2017/02/16/brian-williams-trump-attacking-me…-because-when-you-reduce-its-prestige-it-diminishes-the-facts-they-report/
http://www.breitbart.com/author/ian-hanchett/
http://www.breitbart.com/video/2017/02/16/brian-williams-trump-attacking-me…you-reduce-its-prestige-it-diminishes-the-facts-they-report/
http://www.breitbart.com/big-government/2017/02/17/donald-trump-celebrates-epic-press-conference-thanks-rush-limbaugh/
http://www.breitbart.com/big-government/2017/02/17/donald-trump-celebrates-epic-press-conference-thanks-rush-limbaugh/
http://www.breitbart.com/big-government/2017/02/17/donald-trump-celebrates-epic-press-conference-thanks-rush-limbaugh/
http://www.breitbart.com/video/2017/02/17/rand-paul-on-trump-presser-he-can-captivate-the-attention-of-both-media-and-public/
http://www.breitbart.com/video/2017/02/17/rand-paul-on-trump-presser-he-can-captivate-the-attention-of-both-media-and-public/
http://www.breitbart.com/video/2017/02/17/rand-paul-on-trump-presser-he-can-captivate-the-attention-of-both-media-and-public/
http://www.breitbart.com/big-government/2017/02/16/vp-mike-pence-meet-angela-merkel-munich-security-conference/
http://www.breitbart.com/big-government/2017/02/16/vp-mike-pence-meet-angela-merkel-munich-security-conference/
http://www.breitbart.com/author/michelle-moons/
http://www.breitbart.com/big-government/2017/02/16/vp-mike-pence-meet-angela-merkel-munich-security-conference/
http://www.breitbart.com/london/2017/02/17/rise-brexit-tony-blair-tells-pro-eu-brits/
http://www.breitbart.com/london/2017/02/17/rise-brexit-tony-blair-tells-pro-eu-brits/
http://www.breitbart.com/national-security/2017/02/16/pentagon-confirms-considering-deploying-ground-troops-syria/
http://www.breitbart.com/national-security/2017/02/16/pentagon-confirms-considering-deploying-ground-troops-syria/
http://www.breitbart.com/national-security/2017/02/16/pentagon-confirms-considering-deploying-ground-troops-syria/
http://www.breitbart.com/video/2017/02/17/judge-jeanine-trump-prosecute-obama-leftovers-behind-leaks/
http://www.breitbart.com/video/2017/02/17/judge-jeanine-trump-prosecute-obama-leftovers-behind-leaks/
http://www.breitbart.com/video/2017/02/17/judge-jeanine-trump-prosecute-obama-leftovers-behind-leaks/
http://www.breitbart.com/london/2017/02/17/300-african-migrants-tools-clubs-storm-spanish-border/
http://www.breitbart.com/london/2017/02/17/300-african-migrants-tools-clubs-storm-spanish-border/
http://www.breitbart.com/london/2017/02/17/300-african-migrants-tools-clubs-storm-spanish-border/
http://www.breitbart.com/london/2017/02/16/100-uk-bound-migrants-brawl-france/
http://www.breitbart.com/london/2017/02/16/100-uk-bound-migrants-brawl-france/
http://www.breitbart.com/london/2017/02/16/100-uk-bound-migrants-brawl-france/
http://www.breitbart.com/london/2017/02/15/entire-2016-budget-surplus-earmarked-migrants/
http://www.breitbart.com/london/2017/02/15/entire-2016-budget-surplus-earmarked-migrants/
http://www.breitbart.com/london/2017/02/15/entire-2016-budget-surplus-earmarked-migrants/
http://www.breitbart.com/national-security/2017/02/17/obama-shadow-government-may-working-undermine-trump/
http://www.breitbart.com/national-security/2017/02/17/obama-shadow-government-may-working-undermine-trump/
http://www.breitbart.com/national-security/2017/02/17/obama-shadow-government-may-working-undermine-trump/
http://www.breitbart.com/national-security/2017/02/17/ex-intel-staffer-cias…-trump-trump-national-security-council-appointees-clearance-unprecedented/
http://www.breitbart.com/national-security/2017/02/17/ex-intel-staffer-cias…ational-security-council-appointees-clearance-unprecedented/
http://www.breitbart.com/national-security/2017/02/16/odni-denies-intel-withheld-trump/
http://www.breitbart.com/national-security/2017/02/16/odni-denies-intel-withheld-trump/
http://www.breitbart.com/national-security/2017/02/16/odni-denies-intel-withheld-trump/
http://www.breitbart.com/california/2017/02/16/nunes-faces-heat-raising-issue-intel-leaks-flynn/
http://www.breitbart.com/california/2017/02/16/nunes-faces-heat-raising-issue-intel-leaks-flynn/
http://www.breitbart.com/big-government/2017/02/16/report-karl-rove-acolyte-worms-donald-trump-white-house-communications-director/
http://www.breitbart.com/big-government/2017/02/16/report-karl-rove-acolyte-worms-donald-trump-white-house-communications-director/
http://www.breitbart.com/big-government/2017/02/16/report-karl-rove-acolyte-worms-donald-trump-white-house-communications-director/
http://www.breitbart.com/big-government/2017/02/16/alexander-acosta-department-labor/
http://www.breitbart.com/big-government/2017/02/16/alexander-acosta-department-labor/
http://www.breitbart.com/big-government/2017/02/16/alexander-acosta-department-labor/
http://www.breitbart.com/big-government/2017/02/16/marco-rubio-i-hope-alexander-acosta-is-confirmed-100-to-nothing-for-labor-secy/
http://www.breitbart.com/big-government/2017/02/16/marco-rubio-i-hope-alexander-acosta-is-confirmed-100-to-nothing-for-labor-secy/
http://www.breitbart.com/big-government/2017/02/16/harward-turns-down-trump-national-security-adviser-job/
http://www.breitbart.com/big-government/2017/02/16/harward-turns-down-trump-national-security-adviser-job/
http://www.breitbart.com/big-government/2017/02/16/judicial-watch-planning-sue-fbi-nsa-cia-flynn-records/
http://www.breitbart.com/big-government/2017/02/16/judicial-watch-planning-sue-fbi-nsa-cia-flynn-records/
http://www.breitbart.com/big-government/2017/02/16/judicial-watch-planning-sue-fbi-nsa-cia-flynn-records/
http://www.breitbart.com/big-government/2017/02/16/cnn-chief-antagonism-toward-trump-boosting-morale-of-network-employees/
http://www.breitbart.com/big-government/2017/02/16/cnn-chief-antagonism-toward-trump-boosting-morale-of-network-employees/
http://www.breitbart.com/big-government/2017/02/16/cnn-chief-antagonism-toward-trump-boosting-morale-of-network-employees/
http://www.breitbart.com/london/2017/02/16/russian-foreign-ministry-to-set-up-fake-news-watchdog/
http://www.breitbart.com/london/2017/02/16/russian-foreign-ministry-to-set-up-fake-news-watchdog/
http://www.breitbart.com/london/2017/02/16/russian-foreign-ministry-to-set-up-fake-news-watchdog/
http://www.breitbart.com/big-hollywood/2017/02/16/fox-apologizes-cure-wellness-fake-news-marketing-campaign/
http://www.breitbart.com/big-hollywood/2017/02/16/fox-apologizes-cure-wellness-fake-news-marketing-campaign/
http://www.breitbart.com/big-hollywood/2017/02/16/fox-apologizes-cure-wellness-fake-news-marketing-campaign/
http://www.breitbart.com/big-journalism/2017/02/16/steve-bannon-jokes-about-white-house-reporters-opposition-party-all-lined-up/
http://www.breitbart.com/big-journalism/2017/02/16/steve-bannon-jokes-about-white-house-reporters-opposition-party-all-lined-up/
http://www.breitbart.com/video/2017/02/16/fncs-rosen-the-left-tries-to-purg…ho-dont-respond-to-trump-in-apocalyptic-ways-and-ive-felt-that-personally/
http://www.breitbart.com/video/2017/02/16/fncs-rosen-the-left-tries-to-purg…d-to-trump-in-apocalyptic-ways-and-ive-felt-that-personally/
http://www.breitbart.com/tech/2017/02/16/jack-dorsey-american-civil-unrest-comparable-arab-spring/
http://www.breitbart.com/tech/2017/02/16/jack-dorsey-american-civil-unrest-comparable-arab-spring/
http://www.breitbart.com/tech/2017/02/16/jack-dorsey-american-civil-unrest-comparable-arab-spring/
http://www.breitbart.com/tech/2017/02/16/former-twitter-engineer-making-it-…fficult-to-be-a-conservative-important-for-professional-communities-to-do/
http://www.breitbart.com/tech/2017/02/16/former-twitter-engineer-making-it-…fficult-to-be-a-conservative-important-for-professional-communities-to-do/
http://www.breitbart.com/author/lnolan/
http://www.breitbart.com/tech/2017/02/16/former-twitter-engineer-making-it-…a-conservative-important-for-professional-communities-to-do/
http://www.breitbart.com/video/2017/02/16/naacp-ceo-trumps-views-on-race-somewhere-between-cro-magnon-and-neanderthal/
http://www.breitbart.com/video/2017/02/16/naacp-ceo-trumps-views-on-race-somewhere-between-cro-magnon-and-neanderthal/
http://www.breitbart.com/video/2017/02/16/naacp-ceo-trumps-views-on-race-somewhere-between-cro-magnon-and-neanderthal/
http://www.breitbart.com/big-hollywood/2017/02/16/russell-simmons-hosting-muslim-rally-everyone-except-white-males-immediate-danger/
http://www.breitbart.com/big-hollywood/2017/02/16/russell-simmons-hosting-muslim-rally-everyone-except-white-males-immediate-danger/
http://www.breitbart.com/author/daniel-nussbaum/
http://www.breitbart.com/big-hollywood/2017/02/16/russell-simmons-hosting-muslim-rally-everyone-except-white-males-immediate-danger/
http://www.breitbart.com/big-hollywood/2017/02/16/muslim-designer-uses-immigrant-cast-models-new-york-fashion-week-show/
http://www.breitbart.com/big-hollywood/2017/02/16/muslim-designer-uses-immigrant-cast-models-new-york-fashion-week-show/
http://www.breitbart.com/big-hollywood/2017/02/16/muslim-designer-uses-immigrant-cast-models-new-york-fashion-week-show/
http://www.breitbart.com/big-hollywood/2017/02/16/seth-rogen-begs-donald-trump-jr-ask-dad-resign-destroys-planet/
http://www.breitbart.com/big-hollywood/2017/02/16/seth-rogen-begs-donald-trump-jr-ask-dad-resign-destroys-planet/
http://www.breitbart.com/big-hollywood/2017/02/16/seth-rogen-begs-donald-trump-jr-ask-dad-resign-destroys-planet/
http://www.breitbart.com/whatever-it-takes-curt-schilling/
http://www.breitbart.com/podcasts/
http://www.breitbart.com/podcasts/
http://www.breitbart.com/podcasts/sonnie-johnson/
http://www.breitbart.com/podcasts/sonnie-johnson/
http://www.breitbart.com/podcasts/sonnie-johnson/
http://www.breitbart.com/podcasts/milo/
http://www.breitbart.com/podcasts/milo/
http://www.breitbart.com/podcasts/milo/
http://www.breitbart.com/podcasts/james-delingpole/
http://www.breitbart.com/podcasts/james-delingpole/
http://www.breitbart.com/podcasts/james-delingpole/
http://www.breitbart.com/podcasts/awr-hawkins/
http://www.breitbart.com/podcasts/awr-hawkins/
http://www.breitbart.com/podcasts/awr-hawkins/
http://www.breitbart.com/national-security/2017/02/17/pope-francis-muslim-terrorism-not-exist/
http://www.breitbart.com/national-security/2017/02/17/pope-francis-muslim-terrorism-not-exist/
http://www.breitbart.com/video/2017/02/17/watch-full-milo-yiannopoulos-interview-bill-maher-real-time/
http://www.breitbart.com/video/2017/02/17/watch-full-milo-yiannopoulos-interview-bill-maher-real-time/
http://www.breitbart.com/texas/2017/02/17/white-house-denies-fake-news-allegation-national-guard-immigration-force/
http://www.breitbart.com/texas/2017/02/17/white-house-denies-fake-news-allegation-national-guard-immigration-force/
http://www.breitbart.com/national-security/2017/02/17/obama-shadow-government-may-working-undermine-trump/
http://www.breitbart.com/national-security/2017/02/17/obama-shadow-government-may-working-undermine-trump/
http://www.breitbart.com/big-government/2017/02/17/ivanka-trump-brand-soars-1-amazon-best-sellers-list/
http://www.breitbart.com/big-government/2017/02/17/ivanka-trump-brand-soars-1-amazon-best-sellers-list/
http://www.breitbart.com/video/2017/02/16/limbaugh-trump-one-effective-press-conferences-ever-seen/
http://www.breitbart.com/video/2017/02/16/limbaugh-trump-one-effective-press-conferences-ever-seen/
http://www.breitbart.com/big-government/2017/02/16/cnn-chief-antagonism-toward-trump-boosting-morale-of-network-employees/
http://www.breitbart.com/big-government/2017/02/16/cnn-chief-antagonism-toward-trump-boosting-morale-of-network-employees/
http://www.breitbart.com/video/2017/02/17/trevor-noah-need-start-treating-racism-like-desease/
http://www.breitbart.com/video/2017/02/17/trevor-noah-need-start-treating-racism-like-desease/
http://www.breitbart.com/video/2017/02/16/trump-slams-dishonest-press-tremendous-disservice-america-people/
http://www.breitbart.com/video/2017/02/16/trump-slams-dishonest-press-tremendous-disservice-america-people/
http://www.breitbart.com/big-government/2017/02/17/mike-lee-conservatives-must-join-trump-champions-forgotten-man/
http://www.breitbart.com/big-government/2017/02/17/mike-lee-conservatives-must-join-trump-champions-forgotten-man/
http://www.breitbart.com/send-a-tip/
http://www.breitbart.com/send-a-tip/
http://www.breitbart.com/advertise-with-us/
http://www.breitbart.com/big-government/
http://www.breitbart.com/big-journalism/
http://www.breitbart.com/big-hollywood/
http://www.breitbart.com/national-security/
http://www.breitbart.com/tech/
http://www.breitbart.com/video/
http://www.breitbart.com/sports/
http://www.breitbart.com/news/
http://www.breitbart.com/london/
http://www.breitbart.com/jerusalem/
http://www.breitbart.com/texas/
http://www.breitbart.com/california/
http://www.breitbart.com/blog/
http://www.breitbart.com/about-us/privacy-policy/
http://www.breitbart.com/about-us/terms-of-use/
http://www.breitbart.com/about-us/jobs/
http://www.breitbart.com/send-a-tip/
http://www.breitbart.com/newsletter-signup/