http://www.npr.org/series/98679384/first-listen
http://www.npr.org/series/122356178/songs-we-love
http://www.npr.org/series/100920965/music-articles/
http://www.npr.org/series/tiny-desk-concerts/
http://www.npr.org/sections/music-videos/
http://www.npr.org/about-npr/198341814/npr-blog-directory
http://www.npr.org/templates/corrections/corrections.php
http://www.npr.org/about/aboutnpr/
http://www.npr.org/programs/morning-edition/
http://www.npr.org/programs/all-things-considered/
http://www.npr.org/programs/fresh-air/
http://www.npr.org/podcasts/510312/codeswitch
http://www.npr.org/podcasts/510311/embedded
http://www.npr.org/programs/latino-usa/
http://www.npr.org/podcasts/510310/npr-politics-podcast
http://www.npr.org/programs/weekend-edition-saturday/
http://www.npr.org/programs/weekend-edition-sunday/
http://www.npr.org/series/4692815/youth-radio
http://www.npr.org/programs/ask-me-another/
http://www.npr.org/series/423302056/hidden-brain
http://www.npr.org/podcasts/510313/how-i-built-this
http://www.npr.org/programs/invisibilia/
http://www.npr.org/sections/money/
http://www.npr.org/podcasts/510282/pop-culture-happy-hour
http://www.npr.org/podcasts/510315/radio-ambulante
http://www.npr.org/programs/ted-radio-hour/
http://www.npr.org/programs/wait-wait-dont-tell-me/
http://www.npr.org/series/98679384/first-listen/
http://www.npr.org/sections/allsongs/
http://www.npr.org/series/122356178/songs-we-love/
http://www.npr.org/series/tiny-desk-concerts/
http://www.npr.org/series/alt-latino/
http://www.npr.org/podcasts/510026/from-the-top
http://www.npr.org/series/347139849/jazz-night-in-america
http://www.npr.org/sections/metropolis/
http://www.npr.org/series/mountain-stage/
http://www.npr.org/programs/piano-jazz/
http://www.npr.org/series/103063413/the-thistle-and-shamrock/
http://www.npr.org/programs/world-cafe/
http://www.npr.org/programs/
http://www.npr.org/podcasts/
http://www.npr.org/podcasts/organizations/1
http://www.npr.org/music/genres/rock/
http://www.npr.org/music/genres/pop/
http://www.npr.org/music/genres/jazz/
http://www.npr.org/music/genres/classical/
http://www.npr.org/music/genres/hip-hop/
http://www.npr.org/music/genres/r-b-soul/
http://www.npr.org/music/genres/folk/
http://www.npr.org/music/genres/latin/
http://www.npr.org/music/genres/world/
http://www.npr.org/music/genres/electronic-dance/
http://www.npr.org/series/98679384/first-listen
http://www.npr.org/series/122356178/songs-we-love/
http://www.npr.org/sections/allsongs/
http://www.npr.org/sections/music-reviews/
http://www.npr.org/series/146587997/all-songs-tv/
http://www.npr.org/series/tiny-desk-concerts/
http://www.npr.org/series/live-in-concert/
http://www.npr.org/series/144918893/field-recordings/
http://www.npr.org/series/15667984/favorite-sessions/
http://www.npr.org/series/149937282/music-documentaries/
http://www.npr.org/sections/music-videos/
http://www.npr.org/series/356126782/festival-recordings/
http://www.npr.org/series/100920965/music-articles/
http://www.npr.org/sections/music-interviews/
http://www.npr.org/sections/music-quizzes/
http://www.npr.org/sections/music-lists/
http://www.npr.org/series/482024024/best-music-of-2016
http://www.npr.org/books/genres/10110/art-design/
http://www.npr.org/books/genres/10126/arts-entertainment/
http://www.npr.org/books/genres/10101/biography-memoir/
http://www.npr.org/books/genres/10102/business-economy/
http://www.npr.org/books/genres/10122/children/
http://www.npr.org/books/genres/10123/comedy/
http://www.npr.org/books/genres/10104/comics-graphic-novels/
http://www.npr.org/books/genres/10127/digital-culture/
http://www.npr.org/books/genres/10103/faith-spirituality/
http://www.npr.org/books/genres/10106/food-wine/
http://www.npr.org/books/genres/10109/history-society/
http://www.npr.org/books/genres/10113/historical-fiction/
http://www.npr.org/books/genres/191663270/horror-supernatural/
http://www.npr.org/books/genres/10112/literary-fiction/
http://www.npr.org/books/genres/10114/mystery-thrillers/
http://www.npr.org/books/genres/10116/parenting-families/
http://www.npr.org/books/genres/10125/poetry/
http://www.npr.org/books/genres/10117/politics-public-affairs/
http://www.npr.org/books/genres/10118/romance/
http://www.npr.org/books/genres/10119/science-fiction-fantasy/
http://www.npr.org/books/genres/10108/science-health/
http://www.npr.org/books/genres/10120/sports/
http://www.npr.org/books/genres/10124/travel/
http://www.npr.org/books/genres/10121/young-adults/
http://www.npr.org/books/genres/10115/nonfiction/
http://www.npr.org/books/genres/10111/fiction/
http://www.npr.org/sections/book-reviews
http://www.npr.org/series/257657827/this-weeks-must-read
http://www.npr.org/series/104566969/my-guilty-pleasure
http://www.npr.org/series/three-books/
http://www.npr.org/series/153588024/pg-13-go-to-teen-reads
http://www.npr.org/series/you-must-read-this/
http://www.npr.org/summerbooks/
http://www.npr.org/bestbooks/
http://www.npr.org/about/aboutnpr/
http://www.npr.org/about-npr/192827079/overview-and-history
http://www.npr.org/about-npr/178659563/our-mission-and-vision
http://www.npr.org/about-npr/178640915/npr-stations-and-public-media
http://www.npr.org/about-npr/178660742/public-radio-finances
http://www.npr.org/about-npr/179803822/people-at-npr
http://www.npr.org/about-npr/183726490/awards
http://www.npr.org/about-npr/177066727/visit-npr
http://www.npr.org/about-npr/182673872/book-an-npr-speaker
http://www.npr.org/about-npr/179881519/rights-and-permissions-information
http://www.npr.org/about-npr/187046089/ways-to-listen-to-npr
http://www.npr.org/sections/npr-extra/
http://www.npr.org/newsletters/
http://www.npr.org/contact/
http://www.npr.org/series/750002/support-public-radio
http://www.npr.org/about-npr/186948703/corporate-sponsorship
http://www.npr.org/about-npr/181961258/volunteer-at-npr
http://www.npr.org/series/750003/press-room/
http://www.npr.org/about-npr/182675632/photos-and-logos
http://www.npr.org/about/press/NPR_Fact_Sheet.pdf
http://www.npr.org/about-npr/185546105/media-relations-contacts
http://www.npr.org/series/750004/careers
http://www.npr.org/about-npr/179008081/tapping-into-the-npr-culture/
http://www.npr.org/about-npr/181909622/applying-at-npr/
http://www.npr.org/about-npr/181881227/internships-at-npr/
http://www.npr.org/about-npr/181880514/fellowships-at-npr/
http://www.npr.org/about-npr/185550054/digital-careers-at-npr/
http://www.npr.org/podcasts/2000/arts
http://www.npr.org/podcasts/2007/business
http://www.npr.org/podcasts/2013/comedy
http://www.npr.org/podcasts/2014/education
http://www.npr.org/podcasts/2020/games-hobbies
http://www.npr.org/podcasts/2026/government-organizations
http://www.npr.org/podcasts/2031/health
http://www.npr.org/podcasts/2036/kids-family
http://www.npr.org/podcasts/2037/music
http://www.npr.org/podcasts/2038/news-politics
http://www.npr.org/podcasts/2039/religion-spirituality
http://www.npr.org/podcasts/2047/science-medicine
http://www.npr.org/podcasts/2051/society-culture
http://www.npr.org/podcasts/2056/sports-recreation
http://www.npr.org/podcasts/2061/technology
http://www.npr.org/podcasts/2066/tv-film
http://www.npr.org/2017/02/17/515662976/migrants-choose-arrest-in-canada-over-staying-in-the-u-s
http://www.npr.org/sections/us/
http://www.npr.org/2017/02/17/515662976/migrants-choose-arrest-in-canada-over-staying-in-the-u-s
http://www.npr.org/2017/02/17/515662976/migrants-choose-arrest-in-canada-over-staying-in-the-u-s
http://www.npr.org/templates/transcript/transcript.php?storyId=515662976
http://www.npr.org/2017/02/17/515630467/with-fake-news-trump-moves-from-alternative-facts-to-alternative-language
http://www.npr.org/sections/politics/
http://www.npr.org/2017/02/17/515630467/with-fake-news-trump-moves-from-alternative-facts-to-alternative-language
http://www.npr.org/2017/02/17/515630467/with-fake-news-trump-moves-from-alternative-facts-to-alternative-language
http://www.npr.org/2017/02/17/515791540/the-trump-media-survey-is-phenomenally-biased-it-also-does-its-job-well
http://www.npr.org/2017/02/17/515760101/when-a-politician-says-fake-news-and-a-newspaper-threatens-to-sue-back
http://www.npr.org/sections/thetwo-way/2017/02/17/515817788/dick-bruna-artist-and-author-of-the-intricately-simple-miffy-dies-at-89
http://www.npr.org/sections/thetwo-way/2017/02/17/515801924/watch-live-trump-visits-boeing-plant-in-south-carolina
http://www.npr.org/2017/02/17/515802629/scott-pruitt-confirmed-to-lead-environmental-protection-agency
http://www.npr.org/sections/thetwo-way/2017/02/17/515764335/court-strikes-down-florida-law-barring-doctors-from-discussing-guns-with-patient
http://www.npr.org/sections/thetwo-way/2017/02/17/515748869/s-c-man-is-accused-of-trying-to-emulate-attack-on-charleston-church
http://www.npr.org/sections/news/
http://www.npr.org/podcasts
http://www.npr.org/newsletters/
http://www.npr.org/sections/thetwo-way/2017/02/17/515807668/trumps-sons-heading-to-dubai-as-business-interests-continue-to-expand-overseas
http://www.npr.org/sections/thetwo-way/
http://www.npr.org/sections/thetwo-way/2017/02/17/515807668/trumps-sons-heading-to-dubai-as-business-interests-continue-to-expand-overseas
http://www.npr.org/sections/thetwo-way/2017/02/17/515807668/trumps-sons-heading-to-dubai-as-business-interests-continue-to-expand-overseas
http://www.npr.org/2017/02/17/513724796/trump-ethics-monitor-has-the-president-kept-his-promises
http://www.npr.org/2017/02/17/515753028/trumps-frequent-visits-disrupt-palm-beach-life-and-businesses
http://www.npr.org/sections/codeswitch/2017/02/17/515824196/first-ever-tracker-of-hate-crimes-against-asian-americans-launched
http://www.npr.org/sections/codeswitch/
http://www.npr.org/sections/codeswitch/2017/02/17/515824196/first-ever-tracker-of-hate-crimes-against-asian-americans-launched
http://www.npr.org/sections/codeswitch/2017/02/17/515824196/first-ever-tracker-of-hate-crimes-against-asian-americans-launched
http://www.npr.org/2017/02/17/515748401/how-the-epa-became-a-victim-of-its-own-success
http://www.npr.org/sections/environment/
http://www.npr.org/2017/02/17/515748401/how-the-epa-became-a-victim-of-its-own-success
http://www.npr.org/2017/02/17/515748401/how-the-epa-became-a-victim-of-its-own-success
http://www.npr.org/templates/transcript/transcript.php?storyId=515748401
http://www.npr.org/2017/02/17/515802629/scott-pruitt-confirmed-to-lead-environmental-protection-agency
http://www.npr.org/2017/02/17/515777071/new-dramas-good-fight-and-big-little-lies-make-a-case-for-subscription-tv
http://www.npr.org/sections/television/
http://www.npr.org/2017/02/17/515777071/new-dramas-good-fight-and-big-little-lies-make-a-case-for-subscription-tv
http://www.npr.org/programs/fresh-air/
http://www.npr.org/2017/02/17/515777071/new-dramas-good-fight-and-big-little-lies-make-a-case-for-subscription-tv
http://www.npr.org/templates/transcript/transcript.php?storyId=515777071
http://www.npr.org/2017/02/17/515621902/in-massachusetts-coastal-residents-consider-how-to-adapt-to-climate-change
http://www.npr.org/sections/environment/
http://www.npr.org/2017/02/17/515621902/in-massachusetts-coastal-residents-consider-how-to-adapt-to-climate-change
http://www.npr.org/2017/02/17/515621902/in-massachusetts-coastal-residents-consider-how-to-adapt-to-climate-change
http://www.npr.org/templates/transcript/transcript.php?storyId=515621902
http://www.npr.org/2017/02/16/515621840/a-daughter-of-coal-country-battles-climate-change-and-her-fathers-doubt
http://www.npr.org/sections/health-shots/2017/02/17/515449428/how-hermann-rorschachs-inkblots-took-on-a-life-of-their-own
http://www.npr.org/sections/health-shots/
http://www.npr.org/sections/health-shots/2017/02/17/515449428/how-hermann-rorschachs-inkblots-took-on-a-life-of-their-own
http://www.npr.org/sections/health-shots/2017/02/17/515449428/how-hermann-rorschachs-inkblots-took-on-a-life-of-their-own
http://www.npr.org/templates/transcript/transcript.php?storyId=515449428
http://www.npr.org/sections/thetwo-way/2017/02/17/515817788/dick-bruna-artist-and-author-of-the-intricately-simple-miffy-dies-at-89
http://www.npr.org/sections/thetwo-way/
http://www.npr.org/sections/thetwo-way/2017/02/17/515817788/dick-bruna-artist-and-author-of-the-intricately-simple-miffy-dies-at-89
http://www.npr.org/sections/thetwo-way/2017/02/17/515817788/dick-bruna-artist-and-author-of-the-intricately-simple-miffy-dies-at-89
http://www.npr.org/sections/thetwo-way/2017/02/17/515767853/watch-the-firefall-offers-a-grand-glimpse-of-a-glow-in-flow
http://www.npr.org/sections/thetwo-way/
http://www.npr.org/sections/thetwo-way/2017/02/17/515767853/watch-the-firefall-offers-a-grand-glimpse-of-a-glow-in-flow
http://www.npr.org/sections/thetwo-way/2017/02/17/515767853/watch-the-firefall-offers-a-grand-glimpse-of-a-glow-in-flow
http://www.npr.org/2017/02/17/515777903/president-trump-seems-determined-to-continue-the-permanent-campaign
http://www.npr.org/sections/politics/
http://www.npr.org/2017/02/17/515777903/president-trump-seems-determined-to-continue-the-permanent-campaign
http://www.npr.org/2017/02/17/515777903/president-trump-seems-determined-to-continue-the-permanent-campaign
http://www.npr.org/2017/02/16/515608127/transcript-and-analysis-trump-press-conference-on-labor-secretary-russia
http://www.npr.org/sections/thetwo-way/2017/02/17/515801924/watch-live-trump-visits-boeing-plant-in-south-carolina
http://www.npr.org/sections/thetwo-way/
http://www.npr.org/sections/thetwo-way/2017/02/17/515801924/watch-live-trump-visits-boeing-plant-in-south-carolina
http://www.npr.org/sections/thetwo-way/2017/02/17/515801924/watch-live-trump-visits-boeing-plant-in-south-carolina
http://www.npr.org/sections/codeswitch/2017/02/17/515792141/authors-and-illustrators-of-color-accounted-for-22-percent-of-children-s-books
http://www.npr.org/sections/codeswitch/
http://www.npr.org/sections/codeswitch/2017/02/17/515792141/authors-and-illustrators-of-color-accounted-for-22-percent-of-children-s-books
http://www.npr.org/sections/codeswitch/2017/02/17/515792141/authors-and-illustrators-of-color-accounted-for-22-percent-of-children-s-books
http://www.npr.org/sections/parallels/2017/02/17/515765902/rights-advocates-warn-russian-domestic-abuse-law-will-protect-the-oppressor
http://www.npr.org/sections/parallels/
http://www.npr.org/sections/parallels/2017/02/17/515765902/rights-advocates-warn-russian-domestic-abuse-law-will-protect-the-oppressor
http://www.npr.org/sections/parallels/2017/02/17/515765902/rights-advocates-warn-russian-domestic-abuse-law-will-protect-the-oppressor
http://www.npr.org/event/music/514304070/betsayda-machado-y-parranda-el-clavo-live-in-concert
http://www.npr.org/series/globalfest/
http://www.npr.org/event/music/514304070/betsayda-machado-y-parranda-el-clavo-live-in-concert
http://www.npr.org/event/music/514304070/betsayda-machado-y-parranda-el-clavo-live-in-concert
http://www.npr.org/sections/politics/
http://www.npr.org/2017/02/17/513724796/trump-ethics-monitor-has-the-president-kept-his-promises
http://www.npr.org/2017/02/17/513724796/trump-ethics-monitor-has-the-president-kept-his-promises
http://www.npr.org/sections/goatsandsoda/2017/02/14/514508101/what-do-you-want-to-know-about-pandemics-submit-a-question
http://www.npr.org/sections/goatsandsoda/
http://www.npr.org/sections/goatsandsoda/2017/02/14/514508101/what-do-you-want-to-know-about-pandemics-submit-a-question
http://www.npr.org/sections/goatsandsoda/2017/02/14/514508101/what-do-you-want-to-know-about-pandemics-submit-a-question
http://www.npr.org/sections/goatsandsoda/2017/02/14/511227050/why-killer-viruses-are-on-the-rise
http://www.npr.org/sections/goatsandsoda/2017/02/07/512634375/map-find-out-what-new-viruses-are-emerging-in-your-backyard
http://www.npr.org/sections/goatsandsoda/2017/02/17/515444290/brazils-expanding-yellow-fever-outbreak-started-with-monkeys
http://www.npr.org/sections/goatsandsoda/
http://www.npr.org/sections/goatsandsoda/2017/02/17/515444290/brazils-expanding-yellow-fever-outbreak-started-with-monkeys
http://www.npr.org/sections/goatsandsoda/2017/02/17/515444290/brazils-expanding-yellow-fever-outbreak-started-with-monkeys
http://www.npr.org/sections/thetwo-way/2017/02/17/515764335/court-strikes-down-florida-law-barring-doctors-from-discussing-guns-with-patient
http://www.npr.org/sections/thetwo-way/
http://www.npr.org/sections/thetwo-way/2017/02/17/515764335/court-strikes-down-florida-law-barring-doctors-from-discussing-guns-with-patient
http://www.npr.org/sections/thetwo-way/2017/02/17/515764335/court-strikes-down-florida-law-barring-doctors-from-discussing-guns-with-patient
http://www.npr.org/2017/02/16/514499483/2-high-school-teachers-throw-punches-and-crude-jokes-in-fist-fight
http://www.npr.org/sections/movie-reviews/
http://www.npr.org/2017/02/16/514499483/2-high-school-teachers-throw-punches-and-crude-jokes-in-fist-fight
http://www.npr.org/2017/02/16/514499483/2-high-school-teachers-throw-punches-and-crude-jokes-in-fist-fight
http://www.npr.org/sections/movie-reviews/
http://www.npr.org/sections/news/
http://www.npr.org/sections/arts/
http://www.npr.org/music/
http://www.npr.org/about-npr/186948703/corporate-sponsorship
http://www.npr.org/sections/news/
http://www.npr.org/sections/us/
http://www.npr.org/sections/world/
http://www.npr.org/sections/politics/
http://www.npr.org/sections/business/
http://www.npr.org/sections/technology/
http://www.npr.org/sections/science/
http://www.npr.org/sections/health/
http://www.npr.org/sections/codeswitch/
http://www.npr.org/sections/ed/
http://www.npr.org/sections/arts/
http://www.npr.org/books/
http://www.npr.org/sections/movies/
http://www.npr.org/sections/pop-culture/
http://www.npr.org/sections/food/
http://www.npr.org/sections/art-design/
http://www.npr.org/sections/performing-arts/
http://www.npr.org/sections/pictureshow
http://www.npr.org/music/
http://www.npr.org/series/98679384/first-listen
http://www.npr.org/series/122356178/songs-we-love
http://www.npr.org/series/100920965/music-articles/
http://www.npr.org/series/tiny-desk-concerts/
http://www.npr.org/sections/music-videos/
http://www.npr.org/programs/
http://www.npr.org/about/
http://www.npr.org/about-npr/192827079/overview-and-history
http://www.npr.org/about-npr/178660742/public-radio-finances
http://www.npr.org/about-npr/179803822/people-at-npr
http://www.npr.org/series/750002/support-public-radio
http://www.npr.org/series/750003/press-room/
http://www.npr.org/sections/npr-extra/
http://www.npr.org/about-npr/181953728/work-at-npr
http://www.npr.org/templates/corrections/corrections.php
http://www.npr.org/sections/ombudsman/
http://www.npr.org/about-npr/179881519/rights-and-permissions-information
http://www.npr.org/contact
http://www.npr.org/about-npr/179876898/terms-of-use
http://www.npr.org/about-npr/179878450/privacy-policy
