http://occupydemocrats.com/category/economy/
http://occupydemocrats.com/category/human-rights/
http://occupydemocrats.com/category/media/
http://occupydemocrats.com/category/politics/
http://occupydemocrats.com/category/economy/
http://occupydemocrats.com/category/human-rights/
http://occupydemocrats.com/category/media/
http://occupydemocrats.com/category/politics/
http://occupydemocrats.com/2017/02/18/reddit-photoshopping-tiny-versions-trump-official-pictures-results-hilarious/
http://occupydemocrats.com/category/politics/
http://occupydemocrats.com/2017/02/18/reddit-photoshopping-tiny-versions-trump-official-pictures-results-hilarious/
http://occupydemocrats.com/2017/02/18/reddit-photoshopping-tiny-versions-trump-official-pictures-results-hilarious/
http://occupydemocrats.com/2017/02/17/senate-house-just-proposed-bill-expose-trumps-financial-interests/
http://occupydemocrats.com/category/politics/
http://occupydemocrats.com/2017/02/17/senate-house-just-proposed-bill-expose-trumps-financial-interests/
http://occupydemocrats.com/2017/02/17/senate-house-just-proposed-bill-expose-trumps-financial-interests/
http://occupydemocrats.com/2017/02/17/robert-reich-just-got-inside-scoop-trump-ex-republican-congressman/
http://occupydemocrats.com/category/politics/
http://occupydemocrats.com/2017/02/17/robert-reich-just-got-inside-scoop-trump-ex-republican-congressman/
http://occupydemocrats.com/2017/02/17/robert-reich-just-got-inside-scoop-trump-ex-republican-congressman/
http://occupydemocrats.com/2017/02/18/larry-wilmore-just-destroyed-milo-bill-maher-perfect-diss/
http://occupydemocrats.com/category/uncategorized/
http://occupydemocrats.com/2017/02/18/larry-wilmore-just-destroyed-milo-bill-maher-perfect-diss/
http://occupydemocrats.com/2017/02/18/larry-wilmore-just-destroyed-milo-bill-maher-perfect-diss/
http://occupydemocrats.com/2017/02/18/mark-cuban-just-trolled-trump-star-game-best-way-possible/
http://occupydemocrats.com/category/politics/
http://occupydemocrats.com/2017/02/18/mark-cuban-just-trolled-trump-star-game-best-way-possible/
http://occupydemocrats.com/2017/02/18/mark-cuban-just-trolled-trump-star-game-best-way-possible/
http://occupydemocrats.com/2017/02/18/activists-just-unveiled-brilliant-way-protest-dakota-pipeline/
http://occupydemocrats.com/category/climate-change/
http://occupydemocrats.com/category/current-events/
http://occupydemocrats.com/2017/02/18/activists-just-unveiled-brilliant-way-protest-dakota-pipeline/
http://occupydemocrats.com/2017/02/18/activists-just-unveiled-brilliant-way-protest-dakota-pipeline/
http://occupydemocrats.com/2017/02/18/reddit-photoshopping-tiny-versions-trump-official-pictures-results-hilarious/
http://occupydemocrats.com/category/politics/
http://occupydemocrats.com/2017/02/18/reddit-photoshopping-tiny-versions-trump-official-pictures-results-hilarious/
http://occupydemocrats.com/2017/02/18/reddit-photoshopping-tiny-versions-trump-official-pictures-results-hilarious/
http://occupydemocrats.com/2017/02/17/senate-house-just-proposed-bill-expose-trumps-financial-interests/
http://occupydemocrats.com/category/politics/
http://occupydemocrats.com/2017/02/17/senate-house-just-proposed-bill-expose-trumps-financial-interests/
http://occupydemocrats.com/2017/02/17/senate-house-just-proposed-bill-expose-trumps-financial-interests/
http://occupydemocrats.com/2017/02/17/robert-reich-just-got-inside-scoop-trump-ex-republican-congressman/
http://occupydemocrats.com/category/politics/
http://occupydemocrats.com/2017/02/17/robert-reich-just-got-inside-scoop-trump-ex-republican-congressman/
http://occupydemocrats.com/2017/02/17/robert-reich-just-got-inside-scoop-trump-ex-republican-congressman/
http://occupydemocrats.com/2017/02/18/larry-wilmore-just-destroyed-milo-bill-maher-perfect-diss/
http://occupydemocrats.com/category/uncategorized/
http://occupydemocrats.com/2017/02/18/larry-wilmore-just-destroyed-milo-bill-maher-perfect-diss/
http://occupydemocrats.com/2017/02/18/larry-wilmore-just-destroyed-milo-bill-maher-perfect-diss/
http://occupydemocrats.com/2017/02/18/mark-cuban-just-trolled-trump-star-game-best-way-possible/
http://occupydemocrats.com/category/politics/
http://occupydemocrats.com/2017/02/18/mark-cuban-just-trolled-trump-star-game-best-way-possible/
http://occupydemocrats.com/2017/02/18/mark-cuban-just-trolled-trump-star-game-best-way-possible/
http://occupydemocrats.com/2017/02/18/activists-just-unveiled-brilliant-way-protest-dakota-pipeline/
http://occupydemocrats.com/category/climate-change/
http://occupydemocrats.com/category/current-events/
http://occupydemocrats.com/2017/02/18/activists-just-unveiled-brilliant-way-protest-dakota-pipeline/
http://occupydemocrats.com/2017/02/18/activists-just-unveiled-brilliant-way-protest-dakota-pipeline/
http://occupydemocrats.com/2017/02/18/larry-wilmore-just-destroyed-milo-bill-maher-perfect-diss/
http://occupydemocrats.com/category/uncategorized/
http://occupydemocrats.com/2017/02/18/larry-wilmore-just-destroyed-milo-bill-maher-perfect-diss/
http://occupydemocrats.com/2017/02/18/larry-wilmore-just-destroyed-milo-bill-maher-perfect-diss/
http://occupydemocrats.com/2017/02/18/mark-cuban-just-trolled-trump-star-game-best-way-possible/
http://occupydemocrats.com/category/politics/
http://occupydemocrats.com/2017/02/18/mark-cuban-just-trolled-trump-star-game-best-way-possible/
http://occupydemocrats.com/2017/02/18/mark-cuban-just-trolled-trump-star-game-best-way-possible/
http://occupydemocrats.com/2017/02/18/activists-just-unveiled-brilliant-way-protest-dakota-pipeline/
http://occupydemocrats.com/category/climate-change/
http://occupydemocrats.com/category/current-events/
http://occupydemocrats.com/2017/02/18/activists-just-unveiled-brilliant-way-protest-dakota-pipeline/
http://occupydemocrats.com/2017/02/18/activists-just-unveiled-brilliant-way-protest-dakota-pipeline/
http://occupydemocrats.com/2017/02/18/reddit-photoshopping-tiny-versions-trump-official-pictures-results-hilarious/
http://occupydemocrats.com/category/politics/
http://occupydemocrats.com/2017/02/18/reddit-photoshopping-tiny-versions-trump-official-pictures-results-hilarious/
http://occupydemocrats.com/2017/02/18/reddit-photoshopping-tiny-versions-trump-official-pictures-results-hilarious/
http://occupydemocrats.com/2017/02/17/senate-house-just-proposed-bill-expose-trumps-financial-interests/
http://occupydemocrats.com/category/politics/
http://occupydemocrats.com/2017/02/17/senate-house-just-proposed-bill-expose-trumps-financial-interests/
http://occupydemocrats.com/2017/02/17/senate-house-just-proposed-bill-expose-trumps-financial-interests/
http://occupydemocrats.com/2017/02/17/robert-reich-just-got-inside-scoop-trump-ex-republican-congressman/
http://occupydemocrats.com/category/politics/
http://occupydemocrats.com/2017/02/17/robert-reich-just-got-inside-scoop-trump-ex-republican-congressman/
http://occupydemocrats.com/2017/02/17/robert-reich-just-got-inside-scoop-trump-ex-republican-congressman/
http://occupydemocrats.com/2017/02/17/trump-just-took-page-straight-hitlers-playbook-terrifying-tweet-2/
http://occupydemocrats.com/category/politics/
http://occupydemocrats.com/2017/02/17/trump-just-took-page-straight-hitlers-playbook-terrifying-tweet-2/
http://occupydemocrats.com/2017/02/17/trump-just-took-page-straight-hitlers-playbook-terrifying-tweet-2/
http://occupydemocrats.com/2017/02/17/ignoring-flynn-chaffetz-just-demanded-charges-hillary-aides-email-server/
http://occupydemocrats.com/category/politics/
http://occupydemocrats.com/2017/02/17/ignoring-flynn-chaffetz-just-demanded-charges-hillary-aides-email-server/
http://occupydemocrats.com/2017/02/17/ignoring-flynn-chaffetz-just-demanded-charges-hillary-aides-email-server/
http://occupydemocrats.com/2017/02/17/trump-silent-white-terrorist-caught-planning-multiple-bombings/
http://occupydemocrats.com/category/politics/
http://occupydemocrats.com/2017/02/17/trump-silent-white-terrorist-caught-planning-multiple-bombings/
http://occupydemocrats.com/2017/02/17/trump-silent-white-terrorist-caught-planning-multiple-bombings/
http://occupydemocrats.com/2017/02/17/shame-democrats-just-voted-confirm-trumps-epa-pick/
http://occupydemocrats.com/category/politics/
http://occupydemocrats.com/2017/02/17/shame-democrats-just-voted-confirm-trumps-epa-pick/
http://occupydemocrats.com/2017/02/17/shame-democrats-just-voted-confirm-trumps-epa-pick/
http://occupydemocrats.com/page/2/
http://occupydemocrats.com/page/3/
http://occupydemocrats.com/page/415/
http://occupydemocrats.com/page/2/
http://occupydemocrats.com/2016/03/10/obama-to-republicans-i-didnt-create-trump-your-bigotry-towards-me-did/
http://occupydemocrats.com/2016/03/10/obama-to-republicans-i-didnt-create-trump-your-bigotry-towards-me-did/
http://occupydemocrats.com/2016/11/23/hundreds-veterans-self-deploy-standing-rock-defend-protesters/
http://occupydemocrats.com/2016/11/23/hundreds-veterans-self-deploy-standing-rock-defend-protesters/
http://occupydemocrats.com/2016/07/04/republicans-silent-pres-obama-gives-soldiers-biggest-raise-5-years-2/
http://occupydemocrats.com/2016/07/04/republicans-silent-pres-obama-gives-soldiers-biggest-raise-5-years-2/
http://occupydemocrats.com/2016/12/01/2000-veterans-arrive-standing-rock-form-human-shield-around-protesters-photosvideo/
http://occupydemocrats.com/2016/12/01/2000-veterans-arrive-standing-rock-form-human-shield-around-protesters-photosvideo/
http://occupydemocrats.com/2016/08/03/hang-btch-fg-ngger-uncensored-rally-videos-show-trumps-america-2/
http://occupydemocrats.com/2016/08/03/hang-btch-fg-ngger-uncensored-rally-videos-show-trumps-america-2/
http://occupydemocrats.com/2016/10/29/trump-fan-just-hung-two-black-dummies-tree-front-yard/
http://occupydemocrats.com/2016/10/29/trump-fan-just-hung-two-black-dummies-tree-front-yard/
http://occupydemocrats.com/category/economy/
http://occupydemocrats.com/category/human-rights/
http://occupydemocrats.com/category/media/
http://occupydemocrats.com/category/politics/
http://occupydemocrats.com/about-us/